SmsListenerApp/app/build/intermediates/manifest_merge_blame_file/debug/manifest-merger-blame-debug-report.txt
1<?xml version="1.0" encoding="utf-8"?>
2<manifest xmlns:android="http://schemas.android.com/apk/res/android"
3    package="com.id.smslistenerapp"
4    android:versionCode="1"
5    android:versionName="1.0" >
6
7    <uses-sdk
8        android:minSdkVersion="21"
8-->src\main\AndroidManifest.xml
9        android:targetSdkVersion="30" />
9-->src\main\AndroidManifest.xml
10
11    <uses-permission android:name="android.permission.RECEIVE_SMS" />
11-->src\main\AndroidManifest.xml:5:5-69
11-->src\main\AndroidManifest.xml:5:22-67
12    <uses-permission android:name="android.permission.READ_SMS" />
12-->src\main\AndroidManifest.xml:6:5-67
12-->src\main\AndroidManifest.xml:6:22-64
13
14    <application
14-->src\main\AndroidManifest.xml:8:5-35:19
15        android:allowBackup="true"
15-->src\main\AndroidManifest.xml:9:9-35
16        android:appComponentFactory="androidx.core.app.CoreComponentFactory"
16-->[androidx.core:core:1.1.0] AndroidManifest.xml:24:18-86
17        android:debuggable="true"
18        android:icon="@mipmap/ic_launcher"
18-->src\main\AndroidManifest.xml:10:9-43
19        android:label="@string/app_name"
19-->src\main\AndroidManifest.xml:11:9-41
20        android:roundIcon="@mipmap/ic_launcher_round"
20-->src\main\AndroidManifest.xml:12:9-54
21        android:supportsRtl="true"
21-->src\main\AndroidManifest.xml:13:9-35
22        android:testOnly="true"
23        android:theme="@style/Theme.SmsListenerApp" >
23-->src\main\AndroidManifest.xml:14:9-52
24        <activity android:name="com.id.smslistenerapp.MainActivity" >
24-->src\main\AndroidManifest.xml:16:9-22:20
24-->src\main\AndroidManifest.xml:16:19-47
25            <intent-filter>
25-->src\main\AndroidManifest.xml:17:13-21:29
26                <action android:name="android.intent.action.MAIN" />
26-->src\main\AndroidManifest.xml:18:17-69
26-->src\main\AndroidManifest.xml:18:25-66
27
28                <category android:name="android.intent.category.LAUNCHER" />
28-->src\main\AndroidManifest.xml:20:17-77
28-->src\main\AndroidManifest.xml:20:27-74
29            </intent-filter>
30        </activity>
31        <activity
31-->src\main\AndroidManifest.xml:23:9-24:50
32            android:name="com.id.smslistenerapp.SmsReceiverActivity"
32-->src\main\AndroidManifest.xml:23:19-54
33            android:theme="@style/SmsReceiverTheme" />
33-->src\main\AndroidManifest.xml:24:9-48
34
35        <receiver
35-->src\main\AndroidManifest.xml:25:9-32:20
36            android:name="com.id.smslistenerapp.SmsReceiver"
36-->src\main\AndroidManifest.xml:26:13-40
37            android:enabled="true"
37-->src\main\AndroidManifest.xml:27:13-35
38            android:exported="true" >
38-->src\main\AndroidManifest.xml:28:13-36
39            <intent-filter>
39-->src\main\AndroidManifest.xml:29:13-31:29
40                <action android:name="android.provider.Telephony.SMS_RECEIVED" />
40-->src\main\AndroidManifest.xml:30:17-82
40-->src\main\AndroidManifest.xml:30:25-79
41            </intent-filter>
42        </receiver>
43    </application>
44
45</manifest>